<?xml version="1.0" encoding="UTF-8"?>
<!-- Generated by org.testng.reporters.JUnitReportReporter -->
<testsuite skipped="0" hostname="WKPC13L2D7" name="Demo" tests="1" failures="0" timestamp="05 Aug 2019 19:26:44 GMT" time="7.738" errors="0">
  <testcase name="FirstTest" time="7.738" classname="Demo"/>
</testsuite> <!-- Demo -->
