<?xml version="1.0" encoding="UTF-8"?>
<!-- Generated by org.testng.reporters.JUnitReportReporter -->
<testsuite skipped="0" hostname="WKPC13L2D7" name="Login" tests="1" failures="0" timestamp="07 Aug 2019 16:41:48 GMT" time="18.345" errors="0">
  <testcase name="Environment" time="18.345" classname="Login"/>
</testsuite> <!-- Login -->
