<?xml version="1.0" encoding="UTF-8"?>
<!-- Generated by org.testng.reporters.JUnitReportReporter -->
<testsuite skipped="0" hostname="WKPC13L2D7" name="Processor" tests="1" failures="0" timestamp="28 Aug 2019 17:53:16 GMT" time="96.403" errors="0">
  <testcase name="Environment" time="96.403" classname="Processor"/>
</testsuite> <!-- Processor -->
