<?xml version="1.0" encoding="UTF-8"?>
<!-- Generated by org.testng.reporters.JUnitReportReporter -->
<testsuite skipped="0" hostname="WKPC13L2D7" name="Main" tests="1" failures="0" timestamp="28 Aug 2019 20:24:27 GMT" time="87.304" errors="0">
  <testcase name="Environment" time="87.304" classname="Main"/>
</testsuite> <!-- Main -->
