<?xml version="1.0" encoding="UTF-8"?>
<!-- Generated by org.testng.reporters.JUnitReportReporter -->
<testsuite skipped="0" hostname="WKPC13L2D7" name="EnvironmentSelection" tests="1" failures="0" timestamp="05 Aug 2019 20:47:29 GMT" time="8.031" errors="0">
  <testcase name="Environment" time="8.031" classname="EnvironmentSelection"/>
</testsuite> <!-- EnvironmentSelection -->
